[2022-06-27 01:47:47,926 UTC]TSUSERVERDR HAS ENCOUNTERED A FATAL PYTHON ERROR.
Traceback (most recent call last):
  File "./start_server.py", line 69, in main
    my_server.start()
  File "/root/PODER_DIVINO/server/tsuserver.py", line 186, in start
    self.shutdown()
  File "/root/PODER_DIVINO/server/tsuserver.py", line 208, in shutdown
    self.loop.run_until_complete(self.tasker.await_cancellation(self.masterserver_connection))
  File "/usr/lib/python3.6/asyncio/base_events.py", line 484, in run_until_complete
    return future.result()
  File "/root/PODER_DIVINO/server/tasker.py", line 182, in await_cancellation
    await old_task
  File "/root/PODER_DIVINO/server/masterserverclient.py", line 38, in connect
    await self.handle_connection()
  File "/root/PODER_DIVINO/server/masterserverclient.py", line 55, in handle_connection
    self.reader.feed_data(b'END')
  File "/usr/lib/python3.6/asyncio/streams.py", line 419, in feed_data
    assert not self._eof, 'feed_data after feed_eof'
AssertionError: feed_data after feed_eof



= Client dump. =
*Number of clients: 3
*Current clients

== Client information of 0 ==
*CID: 0. IPID: 2046661495. HDID: 68171d99
*Character name: Persona1. Showname: . OOC username: 
*In area: 0-Lobby
*Last IC message: 
*Last OOC message: 
*Is GM? False. Is CM? False. Is mod? False.
*Is sneaking? False. Is bleeding? False. Is handicapped? False
*Is blinded? False. Is deafened? False. Is gagged? False
*Is transient? False. Has autopass? False. Clients open: 1
*Is muted? False. Is OOC Muted? False
*Global IC range: None. Global IC prefix: None
*Following: -
*Followed by: -
*Is Using: AO2 2.6.2
*Online for: 29:42. Last active: Mon Jun 27 01:18:12 2022

== Client information of 1 ==
*CID: 1. IPID: 621713574. HDID: 73318f07-1284-4b83-8778-6ea7333b87a7
*Character name: Meiggs. Showname: . OOC username: 
*In area: 0-Lobby
*Last IC message: 
*Last OOC message: 
*Is GM? False. Is CM? False. Is mod? False.
*Is sneaking? False. Is bleeding? False. Is handicapped? False
*Is blinded? False. Is deafened? False. Is gagged? False
*Is transient? False. Has autopass? False. Clients open: 2
*Is muted? False. Is OOC Muted? False
*Global IC range: None. Global IC prefix: None
*Following: -
*Followed by: -
*Is Using: AO2 2.9.1
*Online for: 51 seconds. Last active: Mon Jun 27 01:46:59 2022

== Client information of 2 ==
*CID: 2. IPID: 621713574. HDID: 73318f07-1284-4b83-8778-6ea7333b87a7
*Character name: Concha. Showname: . OOC username: 
*In area: 0-Lobby
*Last IC message: 
*Last OOC message: 
*Is GM? False. Is CM? False. Is mod? False.
*Is sneaking? False. Is bleeding? False. Is handicapped? False
*Is blinded? False. Is deafened? False. Is gagged? False
*Is transient? False. Has autopass? False. Clients open: 2
*Is muted? False. Is OOC Muted? False
*Global IC range: None. Global IC prefix: None
*Following: -
*Followed by: -
*Is Using: AO2 2.9.1
*Online for: 1:07. Last active: Mon Jun 27 01:47:32 2022


= Area dump =
*Current area list: config/areas.yaml
*Old area list: None
*Current areas:
**A::0:Lobby:3
***C::1:621713574::Meiggs::False:0
***C::0:2046661495::Persona1::False:0
***C::2:621713574::Concha::False:0
**A::1:Templo de Kamisama:0
**A::2:Habitacion Del Tiempo:0
**A::3:Torre de Karin:0
**A::4:Inicio de la torre:0
**A::5:Casa de Goku:0
**A::6:Interior Casa de Goku:0
**A::7:Paprika Wasteland:0
**A::8:Break Wasteland:0
**A::9:Grassy Plains:0
**A::10:Diablo Desert:0
**A::11:Gizard Wasteland:0
**A::12:Oceano:0
**A::13:Kame House:0
**A::14:East City:0
**A::15:West City:0
**A::16:Capsule Corp:0
**A::17:Meseta de Yunzabit:0
**A::18:Nave de KamiSama:0
**A::19:Ciudad del Norte:0
**A::20:Zona Rocosa:0
**A::21:Arbol de la vida:0
**A::22:Namek:0
**A::23:Distrito de Maima:0
**A::24:Aldea de Norte de Namek:0
**A::25:Casa del Patriarca:0
**A::26:El Gran Patriarca:0
**A::27:Nave de Freezer:0
**A::28:Interior de la nave de Freezer:0
**A::29:Zona de Recuperacion:0
**A::30:Limbo:0
**A::31:Camino de la Serpiente:0
**A::32:Planeta de Kaiosama:0
**A::33:Infierno:0
