[2022-06-27 01:08:58,934 UTC]TSUSERVERDR HAS ENCOUNTERED A FATAL PYTHON ERROR.
Traceback (most recent call last):
  File "./start_server.py", line 69, in main
    my_server.start()
  File "/root/PODER_DIVINO/server/tsuserver.py", line 186, in start
    self.shutdown()
  File "/root/PODER_DIVINO/server/tsuserver.py", line 209, in shutdown
    self.loop.run_until_complete(self.tasker.await_cancellation(self.ms_client.shutdown()))
  File "/usr/lib/python3.6/asyncio/base_events.py", line 484, in run_until_complete
    return future.result()
  File "/root/PODER_DIVINO/server/tasker.py", line 182, in await_cancellation
    await old_task
  File "/root/PODER_DIVINO/server/masterserverclient.py", line 100, in shutdown
    await self.writer.wait_closed()
AttributeError: 'StreamWriter' object has no attribute 'wait_closed'



= Client dump. =
*Number of clients: 1
*Current clients

== Client information of 0 ==
*CID: 0. IPID: 8112460830. HDID: 
*Character name: SERVER_SELECT. Showname: . OOC username: 
*In area: 0-Lobby
*Last IC message: 
*Last OOC message: 
*Is GM? False. Is CM? False. Is mod? False.
*Is sneaking? False. Is bleeding? False. Is handicapped? False
*Is blinded? False. Is deafened? False. Is gagged? False
*Is transient? False. Has autopass? False. Clients open: 1
*Is muted? False. Is OOC Muted? False
*Global IC range: None. Global IC prefix: None
*Following: -
*Followed by: -
*Is Using: Undefined Undefined
*Online for: 53 seconds. Last active: Mon Jun 27 01:08:05 2022


= Area dump =
*Current area list: config/areas.yaml
*Old area list: None
*Current areas:
**A::0:Lobby:1
***C::0:8112460830::SERVER_SELECT::False:0
