[2021-11-01 02:32:56,325 UTC]Server started successfully!
[2021-11-01 02:35:01,665 UTC][8669832411     ][1a338931][0]Connected. HDID: 1a338931.
[2021-11-01 02:35:17,566 UTC][8669832411     ][1a338931][0][0]Changed character from wtf ta lurking to Char Aznable.
[2021-11-01 02:35:18,901 UTC][9703229676     ][2a7f4f6b][1]Connected. HDID: 2a7f4f6b.
[2021-11-01 02:35:30,270 UTC][8669832411     ][1a338931][0][IC][0][Char Aznable]HOLA SOY ERNESTO LEVANO.
[2021-11-01 02:36:26,282 UTC][9703229676     ][2a7f4f6b][1][0]Changed character from wtf ta lurking to Mika_HD.
[2021-11-01 02:36:30,223 UTC][9703229676     ][2a7f4f6b][1][IC][0][Mika_HD] 
[2021-11-01 02:36:47,376 UTC][9703229676     ][2a7f4f6b][1][0]Changed character from Mika_HD to Neptune_HD.
[2021-11-01 02:36:58,062 UTC][9703229676     ][2a7f4f6b][1][IC][0][Neptune_HD] 
[2021-11-01 02:37:05,203 UTC][8669832411     ][1a338931][0][IC][0][Char Aznable] 
[2021-11-01 02:43:59,357 UTC]Server started successfully!
[2021-11-01 02:45:49,779 UTC][8669832411     ][1a338931][0]Connected. HDID: 1a338931.
[2021-11-01 02:45:54,328 UTC][8669832411     ][1a338931][0][0]Changed character from wtf ta lurking to Char Aznable.
[2021-11-01 02:46:04,790 UTC][8669832411     ][1a338931][0][IC][0][Char Aznable]ERNESTO LEVANO.
[2021-11-01 02:46:46,427 UTC][9703229676     ][2a7f4f6b][1]Connected. HDID: 2a7f4f6b.
[2021-11-01 02:46:57,059 UTC][9703229676     ][2a7f4f6b][1][0]Changed character from wtf ta lurking to Persona10.
[2021-11-01 02:47:15,953 UTC][8669832411     ][1a338931][0][IC][0][Char Aznable] 
[2021-11-01 02:50:05,286 UTC][8669832411     ][1a338931][0]Connected. HDID: 1a338931.
[2021-11-01 02:50:47,765 UTC][8669832411     ][1a338931][0][0]Changed character from wtf ta lurking to Char Aznable.
[2021-11-01 02:50:53,324 UTC][8669832411     ][1a338931][0][IC][0][Char Aznable] 
[2021-11-01 02:51:49,339 UTC][4318818289     ][eaf1e700-95d7-4f23-a441-29429a73f77e][2]Connected. HDID: eaf1e700-95d7-4f23-a441-29429a73f77e.
[2021-11-01 02:52:06,802 UTC][8669832411     ][1a338931][0][IC][0][Char Aznable]13
[2021-11-01 02:52:06,844 UTC][4318818289     ][eaf1e700-95d7-4f23-a441-29429a73f77e][2][0]Changed character from wtf ta lurking to Persona6.
[2021-11-01 02:52:23,986 UTC][4318818289     ][eaf1e700-95d7-4f23-a441-29429a73f77e][2][IC][0][Persona6]MATAR.
[2021-11-01 02:54:52,823 UTC][8669832411     ][1a338931][0][IC][0][Char Aznable]NEGROS DE MIERDA.
[2021-11-01 02:55:01,748 UTC][4318818289     ][eaf1e700-95d7-4f23-a441-29429a73f77e][2][0][Persona6]Changed music to HolaAA Theme - Ultimate Logic.mp3.
[2021-11-01 02:56:14,155 UTC][9703229676     ][2a7f4f6b][1][IC][0][Persona10]/login [CENSORED]
[2021-11-01 02:56:23,073 UTC][9703229676     ][2a7f4f6b][1][IC][0][Persona10]/login a
[2021-11-01 02:56:29,024 UTC][9703229676     ][2a7f4f6b][1][IC][0][Persona10]/login mod
[2021-11-01 02:56:32,391 UTC][9703229676     ][2a7f4f6b][1][IC][0][Persona10]/login [CENSORED]
[2021-11-01 02:56:39,628 UTC][4318818289     ][eaf1e700-95d7-4f23-a441-29429a73f77e][2][MOD]Logged in as a moderator.
[2021-11-01 02:57:59,492 UTC][4318818289     ][eaf1e700-95d7-4f23-a441-29429a73f77e][2][MOD][0][Persona6]Changed music to https://youtu.be/IRjr9F8dACw.
[2021-11-01 02:58:23,841 UTC][9703229676     ][2a7f4f6b][1][IC][0][Persona10]/help
[2021-11-01 02:58:26,083 UTC][4318818289     ][eaf1e700-95d7-4f23-a441-29429a73f77e][2][MOD][0][Persona6]Changed music to https://youtu.be/IRjr9F8dACw.mp3.
[2021-11-01 02:58:52,569 UTC][9703229676     ][2a7f4f6b][1][MOD]Logged in as a moderator.
[2021-11-01 02:58:54,425 UTC][9703229676     ][2a7f4f6b][1][MOD][0][Persona10]Changed music to https://cdn.discordapp.com/attachments/390607222142402570/901947008313597972/y2mate.com_-_LOS_JUEGOS_DEL_HAMBRE_MINECRAFT_RAP_Zarcort_y_Cyclo.mp3.
[2021-11-01 02:59:30,062 UTC][4318818289     ][eaf1e700-95d7-4f23-a441-29429a73f77e][2][MOD][0][Persona6]Changed music to https://cdn.discordapp.com/attachments/900559724217524274/901326264009359431/30DEOCTUBRE_CHISAUS-END.mp3.
[2021-11-01 03:00:56,474 UTC][4318818289     ][eaf1e700-95d7-4f23-a441-29429a73f77e][2][MOD][0][Persona6]Changed music to https://cdn.discordapp.com/attachments/878893243956334612/904564157414772836/Bon_Jovi_-_It_s_My_Life_HD_HQ_AUDIO_48k.mp3.
[2021-11-01 03:02:21,976 UTC][9703229676     ][2a7f4f6b][1][MOD][0][Persona10]Changed music to https://cdn.discordapp.com/attachments/390607222142402570/904564509006503946/rusos.mp3.
[2021-11-01 03:03:20,207 UTC][4318818289     ][eaf1e700-95d7-4f23-a441-29429a73f77e][2][MOD][0][Persona6]Changed background to MECHAS BG
[2021-11-01 03:05:25,238 UTC][8669832411     ][1a338931][0][0][Char Aznable]Changed music to HolaAA Theme - Ultimate Logic.mp3.
[2021-11-01 03:05:28,786 UTC][4318818289     ][eaf1e700-95d7-4f23-a441-29429a73f77e][2][MOD][0][Persona6]Changed background to https://tenor.com/view/acceleracers-wylde-mark-wylde-spinebuster-gif-19284748
[2021-11-01 03:05:58,647 UTC][8669832411     ][1a338931][0][Char Aznable]Changed area from Lobby (0) to Puente (2).
[2021-11-01 03:06:01,700 UTC][8669832411     ][1a338931][0][IC][2][Char Aznable]YTIUYG
[2021-11-01 03:06:05,248 UTC][8669832411     ][1a338931][0][IC][2][Char Aznable] 
[2021-11-01 03:06:27,734 UTC][8669832411     ][1a338931][0][Char Aznable]Changed area from Puente (2) to Lobby (0).
[2021-11-01 03:06:37,310 UTC][4318818289     ][eaf1e700-95d7-4f23-a441-29429a73f77e][2][MOD][0][Persona6]Changed background to Lomas
[2021-11-01 03:07:30,556 UTC][4318818289     ][eaf1e700-95d7-4f23-a441-29429a73f77e][2][MOD][0][Persona6]Changed background to Escaleras generales
[2021-11-01 03:08:43,283 UTC][4318818289     ][eaf1e700-95d7-4f23-a441-29429a73f77e][2][MOD][IC][0][Persona6]lol
[2021-11-01 03:11:44,268 UTC][4318818289     ][eaf1e700-95d7-4f23-a441-29429a73f77e][2][MOD][0][Persona6]Changed music to https://cdn.discordapp.com/attachments/904510122796126229/904566884672880640/el-chavo-del-8-musica-completa.mp3.
[2021-11-01 03:12:27,924 UTC][812219428      ][f6252020][1]Connected. HDID: f6252020.
[2021-11-01 03:12:31,469 UTC][812219428      ][f6252020][1]Connected. HDID: f6252020.
[2021-11-01 03:12:53,186 UTC][812219428      ][f6252020][1][0]Changed character from wtf ta lurking to Persona4.
[2021-11-01 03:12:53,465 UTC][812219428      ][f6252020][1]812219428 set their showname to `El Tiburon`.
[2021-11-01 03:12:56,130 UTC][4318818289     ][eaf1e700-95d7-4f23-a441-29429a73f77e][2][MOD][IC][0][Persona6]soy un creep soy un sick soy un demonio en el beat el mejor representante de la palabre freak
[2021-11-01 03:13:12,927 UTC][8669832411     ][1a338931][0][IC][0][Char Aznable]QUE TE PASA?
[2021-11-01 03:13:13,910 UTC][812219428      ][f6252020][1]812219428 removed their showname.
[2021-11-01 03:13:22,406 UTC][4318818289     ][eaf1e700-95d7-4f23-a441-29429a73f77e][2][MOD][IC][0][Persona6]DE QUÉ BASURERO SALISTE
[2021-11-01 03:13:28,008 UTC][8669832411     ][1a338931][0][IC][0][Char Aznable]SI.
[2021-11-01 03:13:28,956 UTC][8669832411     ][1a338931][0][IC][0][Char Aznable]NO SE
[2021-11-01 03:13:30,829 UTC][8669832411     ][1a338931][0][IC][0][Char Aznable]ANDO
[2021-11-01 03:13:34,219 UTC][8669832411     ][1a338931][0][IC][0][Char Aznable]HABLANDO CON FAMILIA.
[2021-11-01 03:13:39,866 UTC][4318818289     ][eaf1e700-95d7-4f23-a441-29429a73f77e][2][MOD][IC][0][Persona6]ESTÁS ESCUCHANDO LA MÚSICA DEL CHAVO
[2021-11-01 03:13:42,434 UTC][4318818289     ][eaf1e700-95d7-4f23-a441-29429a73f77e][2][MOD][IC][0][Persona6]???????????
[2021-11-01 03:13:46,724 UTC][8669832411     ][1a338931][0][IC][0][Char Aznable]NO.
[2021-11-01 03:13:48,542 UTC][4318818289     ][eaf1e700-95d7-4f23-a441-29429a73f77e][2][MOD][IC][0][Persona6]MAL
[2021-11-01 03:13:51,186 UTC][8669832411     ][1a338931][0][IC][0][Char Aznable]NO USO DRO.
[2021-11-01 03:13:53,094 UTC][8669832411     ][1a338931][0][IC][0][Char Aznable]DIGO
[2021-11-01 03:13:54,570 UTC][8669832411     ][1a338931][0][IC][0][Char Aznable]AO.
[2021-11-01 03:13:55,703 UTC][8669832411     ][1a338931][0][IC][0][Char Aznable]XDDDDD
[2021-11-01 03:13:58,686 UTC][4318818289     ][eaf1e700-95d7-4f23-a441-29429a73f77e][2][MOD][IC][0][Persona6]MAAAAL
[2021-11-01 03:14:12,224 UTC][8669832411     ][1a338931][0][IC][0][Char Aznable]NO SE CUAL TIENE MAS SOUL.
[2021-11-01 03:14:14,985 UTC][8669832411     ][1a338931][0][IC][0][Char Aznable]ES DIFICIL
[2021-11-01 03:14:32,098 UTC][812219428      ][f6252020][1][IC][0][Persona4]mujer matar
[2021-11-01 03:14:35,233 UTC][4318818289     ][eaf1e700-95d7-4f23-a441-29429a73f77e][2][MOD][IC][0][Persona6]ES QUE AO ES MÁS CLÁSICO PERO DRO ES VISUAL NOVELELLE
[2021-11-01 03:14:38,462 UTC][4318818289     ][eaf1e700-95d7-4f23-a441-29429a73f77e][2][MOD][IC][0][Persona6]F0LASD¡FASDKF¡'ADOSGF¡S'KL¡SAF'ASDKOFASD¡O'FLFSAD¡LF
[2021-11-01 03:14:42,333 UTC][4318818289     ][eaf1e700-95d7-4f23-a441-29429a73f77e][2][MOD][IC][0][Persona6]SDGKASDGF0¡ADKGASD0'KS0DFK
[2021-11-01 03:14:46,246 UTC][4318818289     ][eaf1e700-95d7-4f23-a441-29429a73f77e][2][MOD][IC][0][Persona6]CÓMO QUE MUJER MATAR
[2021-11-01 03:14:51,229 UTC][4318818289     ][eaf1e700-95d7-4f23-a441-29429a73f77e][2][MOD][IC][0][Persona6]AYUDA
[2021-11-01 03:17:14,512 UTC][4318818289     ][eaf1e700-95d7-4f23-a441-29429a73f77e][2][MOD][0][Persona6]Changed music to https://cdn.discordapp.com/attachments/904510122796126229/904568269619466310/watamote_Opening_sub_espanol.mp3.
[2021-11-01 03:17:24,641 UTC][812219428      ][f6252020][1][IC][0][Persona4]espanol
[2021-11-01 03:17:30,703 UTC][4318818289     ][eaf1e700-95d7-4f23-a441-29429a73f77e][2][MOD][IC][0][Persona6]SÍ.
[2021-11-01 03:17:33,416 UTC][4318818289     ][eaf1e700-95d7-4f23-a441-29429a73f77e][2][MOD][IC][0][Persona6]CÓM
[2021-11-01 03:17:34,912 UTC][4318818289     ][eaf1e700-95d7-4f23-a441-29429a73f77e][2][MOD][IC][0][Persona6]CAMBIO
[2021-11-01 03:17:36,315 UTC][4318818289     ][eaf1e700-95d7-4f23-a441-29429a73f77e][2][MOD][IC][0][Persona6]MINOMBRE
[2021-11-01 03:17:39,025 UTC][4318818289     ][eaf1e700-95d7-4f23-a441-29429a73f77e][2][MOD][IC][0][Persona6]'''''''''''''
[2021-11-01 03:17:40,386 UTC][4318818289     ][eaf1e700-95d7-4f23-a441-29429a73f77e][2][MOD][IC][0][Persona6]---------
[2021-11-01 03:17:42,263 UTC][4318818289     ][eaf1e700-95d7-4f23-a441-29429a73f77e][2][MOD][IC][0][Persona6]EEEEEEEEEEE
[2021-11-01 03:17:45,119 UTC][812219428      ][f6252020][1][IC][0][Persona4]ñññ
[2021-11-01 03:17:53,295 UTC][4318818289     ][eaf1e700-95d7-4f23-a441-29429a73f77e][2][MOD][IC][0][Persona6] 
[2021-11-01 03:17:55,126 UTC][4318818289     ][eaf1e700-95d7-4f23-a441-29429a73f77e][2][MOD][IC][0][Persona6]  
[2021-11-01 03:17:56,554 UTC][4318818289     ][eaf1e700-95d7-4f23-a441-29429a73f77e][2][MOD][IC][0][Persona6]     
[2021-11-01 03:17:57,745 UTC][4318818289     ][eaf1e700-95d7-4f23-a441-29429a73f77e][2][MOD][IC][0][Persona6]   
[2021-11-01 03:17:59,199 UTC][4318818289     ][eaf1e700-95d7-4f23-a441-29429a73f77e][2][MOD][IC][0][Persona6] 
[2021-11-01 03:18:00,305 UTC][4318818289     ][eaf1e700-95d7-4f23-a441-29429a73f77e][2][MOD][IC][0][Persona6]   
[2021-11-01 03:18:01,474 UTC][4318818289     ][eaf1e700-95d7-4f23-a441-29429a73f77e][2][MOD][IC][0][Persona6]     
[2021-11-01 03:18:03,607 UTC][4318818289     ][eaf1e700-95d7-4f23-a441-29429a73f77e][2][MOD][IC][0][Persona6]    
[2021-11-01 03:18:06,740 UTC][4318818289     ][eaf1e700-95d7-4f23-a441-29429a73f77e][2][MOD][IC][0][Persona6]     
[2021-11-01 03:18:07,819 UTC][4318818289     ][eaf1e700-95d7-4f23-a441-29429a73f77e][2][MOD][IC][0][Persona6] 
[2021-11-01 03:18:08,539 UTC][4318818289     ][eaf1e700-95d7-4f23-a441-29429a73f77e][2][MOD][IC][0][Persona6]  
[2021-11-01 03:18:09,263 UTC][4318818289     ][eaf1e700-95d7-4f23-a441-29429a73f77e][2][MOD][IC][0][Persona6] 
[2021-11-01 03:18:11,168 UTC][4318818289     ][eaf1e700-95d7-4f23-a441-29429a73f77e][2][MOD][IC][0][Persona6]   
[2021-11-01 03:18:13,335 UTC][4318818289     ][eaf1e700-95d7-4f23-a441-29429a73f77e][2][MOD][IC][0][Persona6] 
[2021-11-01 03:18:18,446 UTC][4318818289     ][eaf1e700-95d7-4f23-a441-29429a73f77e][2][MOD][IC][0][Persona6]            
[2021-11-01 03:18:20,933 UTC][4318818289     ][eaf1e700-95d7-4f23-a441-29429a73f77e][2][MOD][IC][0][Persona6]        
[2021-11-01 03:21:25,079 UTC][4318818289     ][eaf1e700-95d7-4f23-a441-29429a73f77e][2][MOD][IC][0][Persona6]                  QU´.
[2021-11-01 03:22:05,666 UTC][812219428      ][f6252020][1][IC][0][Persona4]super idol 的笑容都没你的甜
[2021-11-01 03:22:12,563 UTC][4318818289     ][eaf1e700-95d7-4f23-a441-29429a73f77e][2][MOD][IC][0][Persona6]NO
[2021-11-01 03:22:13,488 UTC][4318818289     ][eaf1e700-95d7-4f23-a441-29429a73f77e][2][MOD][IC][0][Persona6]BASTA
[2021-11-01 03:22:14,524 UTC][4318818289     ][eaf1e700-95d7-4f23-a441-29429a73f77e][2][MOD][IC][0][Persona6]DETENTE
[2021-11-01 03:22:19,941 UTC][4318818289     ][eaf1e700-95d7-4f23-a441-29429a73f77e][2][MOD][IC][0][Persona6]SIMPLEMENTE NO.
[2021-11-01 03:22:36,964 UTC][4318818289     ][eaf1e700-95d7-4f23-a441-29429a73f77e][2][MOD][IC][0][Persona6]SÍ
[2021-11-01 03:23:00,383 UTC][4318818289     ][eaf1e700-95d7-4f23-a441-29429a73f77e][2][MOD][IC][0][Persona6]ESPERA NO SÉ
[2021-11-01 03:23:06,565 UTC][4318818289     ][eaf1e700-95d7-4f23-a441-29429a73f77e][2][MOD][IC][0][Persona6]O SEA PERSONA10 ERA ASO
[2021-11-01 03:23:17,758 UTC][4318818289     ][eaf1e700-95d7-4f23-a441-29429a73f77e][2][MOD][IC][0][Persona6]SUPONGO QUE CAMBIÓ DE PERSONA Y YA
[2021-11-01 03:24:56,676 UTC][4318818289     ][eaf1e700-95d7-4f23-a441-29429a73f77e][2][MOD][IC][0][Persona6]HOLA ASO
[2021-11-01 03:25:44,247 UTC][4318818289     ][eaf1e700-95d7-4f23-a441-29429a73f77e][2][MOD][IC][0][Persona6]....IMBECIL!!.

NO ME DEJES ABANDONADO COMO UN PERRO
TÚ SABES QUE MI PROFESIÓN ES AMARTE
FERNANDA DE LAS CASAS...YES!!
YO POR TI PONDRÉ
LA CLARA Y LA YEMA
AAAH
I LOVE YOU(4)
YO SOY JOEL GONZALES
EL QUE ENTRA A TU CASA CADA QUE TÚ SALES
SOY UN IMBECIL, UN I
[2021-11-01 03:26:20,415 UTC][4318818289     ][eaf1e700-95d7-4f23-a441-29429a73f77e][2][MOD][IC][0][Persona6]DIOTA, UN ANIMAL
Y BUSCO ESE CORAZON ABLANDAR...
LUCHÉ CONTRA UN GRINGO ATRASADOR
Y ME LUCHÉ CON THOR
Y AHORA ES COMPLICADO
SER UN TRABAJADOOOOOOOOOOOR
SI SOY UN IMBECIL
PERDONALO
SI SOY UN IDIOTA
COMPRENDELO OYE
SI SOY UN TARADO
BESALO, QUIERELO
SI SOY UN
